ShowLrc/app/build/intermediates/manifest_merge_blame_file/debug/manifest-merger-blame-debug-report.txt
1<?xml version="1.0" encoding="utf-8"?>
2<manifest xmlns:android="http://schemas.android.com/apk/res/android"
3    package="com.example.showlrc"
4    android:versionCode="1"
5    android:versionName="1.0" >
6
7    <uses-sdk
8        android:minSdkVersion="16"
8-->src\main\AndroidManifest.xml
9        android:targetSdkVersion="29" />
9-->src\main\AndroidManifest.xml
10
11    <!-- 权限申明 -->
12    <uses-permission android:name="android.permission.WRITE_EXTERNAL_STORAGE" />
12-->src\main\AndroidManifest.xml:6:5-81
12-->src\main\AndroidManifest.xml:6:22-78
13    <uses-permission android:name="android.permission.INTERNET" />
13-->src\main\AndroidManifest.xml:7:5-67
13-->src\main\AndroidManifest.xml:7:22-64
14    <!-- 申请SD卡写入权限 -->
15    <uses-permission android:name="android.permission.WRITE_EXTERNAL_STORAGE" />
15-->src\main\AndroidManifest.xml:6:5-81
15-->src\main\AndroidManifest.xml:6:22-78
16
17    <!-- 拦截号码权限 -->
18    <uses-permission android:name="android.permission.READ_PHONE_STATE" />
18-->src\main\AndroidManifest.xml:12:5-74
18-->src\main\AndroidManifest.xml:12:22-72
19
20    <application
20-->src\main\AndroidManifest.xml:15:5-37:19
21        android:allowBackup="true"
21-->src\main\AndroidManifest.xml:16:9-35
22        android:appComponentFactory="androidx.core.app.CoreComponentFactory"
22-->[androidx.core:core:1.0.0] AndroidManifest.xml:22:18-86
23        android:debuggable="true"
24        android:icon="@mipmap/ic_launcher"
24-->src\main\AndroidManifest.xml:17:9-43
25        android:label="@string/app_name"
25-->src\main\AndroidManifest.xml:18:9-41
26        android:roundIcon="@mipmap/ic_launcher_round"
26-->src\main\AndroidManifest.xml:19:9-54
27        android:supportsRtl="true"
27-->src\main\AndroidManifest.xml:20:9-35
28        android:testOnly="true"
29        android:theme="@style/AppTheme" >
29-->src\main\AndroidManifest.xml:21:9-40
30        <activity android:name="com.example.showlrc.showlrc.MusicActivity" />
30-->src\main\AndroidManifest.xml:22:9-58
30-->src\main\AndroidManifest.xml:22:19-56
31           //进度条
32        <activity android:name="com.example.showlrc.localmusic.MainActivity" />
32-->src\main\AndroidManifest.xml:23:9-60
32-->src\main\AndroidManifest.xml:23:19-58
33            //本地歌曲
34        <activity android:name="com.example.showlrc.intmusic.MainActivity_IntMp3" />
34-->src\main\AndroidManifest.xml:24:9-65
34-->src\main\AndroidManifest.xml:24:19-63
35     //搜索页面
36        <activity android:name="com.example.showlrc.usercenter.function" />
36-->src\main\AndroidManifest.xml:25:9-56
36-->src\main\AndroidManifest.xml:25:19-54
37              //功能发现页面/个人中心
38        <activity android:name="com.example.showlrc.songlistdetails.songlistdetail" />
38-->src\main\AndroidManifest.xml:26:9-67
38-->src\main\AndroidManifest.xml:26:19-65
39              //功能发现页面/个人中心
40        <activity android:name="com.example.showlrc.resetpwd" />
40-->src\main\AndroidManifest.xml:27:9-45
40-->src\main\AndroidManifest.xml:27:19-43
41                            //重设密码
42        <activity android:name="com.example.showlrc.register" />
42-->src\main\AndroidManifest.xml:28:9-45
42-->src\main\AndroidManifest.xml:28:19-43
43                            //注册
44        <activity android:name="com.example.showlrc.test" />
44-->src\main\AndroidManifest.xml:29:9-41
44-->src\main\AndroidManifest.xml:29:19-39
45                                //功能测试空页面
46        <activity android:name="com.example.showlrc.Login" >
46-->src\main\AndroidManifest.xml:30:9-36:20
46-->src\main\AndroidManifest.xml:30:19-40
47                                //登录
48            <intent-filter>
48-->src\main\AndroidManifest.xml:31:13-35:29
49                <action android:name="android.intent.action.MAIN" />
49-->src\main\AndroidManifest.xml:32:17-69
49-->src\main\AndroidManifest.xml:32:25-66
50
51                <category android:name="android.intent.category.LAUNCHER" />
51-->src\main\AndroidManifest.xml:34:17-77
51-->src\main\AndroidManifest.xml:34:27-74
52            </intent-filter>
53        </activity>
54    </application>
55
56</manifest>